<?xml version="1.0" encoding="UTF-8"?>
<!-- Generated by org.testng.reporters.JUnitReportReporter -->
<testsuite skipped="0" hostname="DESKTOP-LBNBJ24" name="br.carloskafka.planetstarwarscommons.dto.TestesResultadoEdicaoPlanetaDTO" tests="1" failures="0" timestamp="18 mar 2019 01:24:35 GMT" time="0.000" errors="0">
  <testcase name="dado_um_novo_resultado_edicao_planeta_quando_for_criado_invalido_entao_retorna_invalido" time="0.000" classname="br.carloskafka.planetstarwarscommons.dto.TestesResultadoEdicaoPlanetaDTO"/>
</testsuite> <!-- br.carloskafka.planetstarwarscommons.dto.TestesResultadoEdicaoPlanetaDTO -->
